
1월 05, 2024 12:52:20.784 NEW SESSION
1월 05, 2024 12:52:20.785 [5452:5080:0105/125220.783:ERROR:CONSOLE(0)] "ReferenceError: dragEvent is not defined", source:  (0)
1월 05, 2024 12:52:26.152 [5452:5080:0105/125226.152:ERROR:CONSOLE(0)] "ReferenceError: dragEvent is not defined", source:  (0)
1월 05, 2024 12:52:45.175 [3320:9948:0105/125245.175:ERROR:CONSOLE(0)] "ReferenceError: dragEvent is not defined", source:  (0)
1월 05, 2024 12:56:47.506 [4744:5712:0105/125647.505:ERROR:CONSOLE(0)] "ReferenceError: dragEvent is not defined", source:  (0)
1월 05, 2024 12:56:55.798 [4744:5712:0105/125655.798:ERROR:CONSOLE(0)] "ReferenceError: dragEvent is not defined", source:  (0)

1월 08, 2024 12:44:05.236 NEW SESSION
1월 08, 2024 12:44:05.236 [8024:5196:0108/124405.225:ERROR:interface_endpoint_client.cc(702)] Message 5 rejected by interface blink.mojom.WidgetHost
1월 08, 2024 13:00:10.549 [8024:5196:0108/130010.549:ERROR:CONSOLE(0)] "ReferenceError: dragEvent is not defined", source:  (0)
1월 08, 2024 13:00:29.358 [8024:5196:0108/130029.358:ERROR:CONSOLE(0)] "ReferenceError: dragEvent is not defined", source:  (0)
1월 08, 2024 13:00:43.38 [8024:5196:0108/130043.037:ERROR:CONSOLE(0)] "ReferenceError: dragEvent is not defined", source:  (0)
1월 08, 2024 13:00:48.506 [8024:5196:0108/130048.506:ERROR:CONSOLE(0)] "ReferenceError: dragEvent is not defined", source:  (0)
1월 08, 2024 13:03:47.805 [8024:5196:0108/130347.805:ERROR:CONSOLE(0)] "ReferenceError: dragEvent is not defined", source:  (0)
1월 08, 2024 13:57:09.993 [8024:5196:0108/135709.993:ERROR:CONSOLE(0)] "ReferenceError: dragEvent is not defined", source:  (0)
1월 08, 2024 13:57:14.690 [8024:5196:0108/135714.690:ERROR:CONSOLE(0)] "ReferenceError: dragEvent is not defined", source:  (0)
1월 08, 2024 13:57:18.934 [8024:5196:0108/135718.934:ERROR:CONSOLE(0)] "ReferenceError: dragEvent is not defined", source:  (0)
1월 08, 2024 13:58:07.436 [8024:5196:0108/135807.436:ERROR:CONSOLE(0)] "ReferenceError: dragEvent is not defined", source:  (0)
1월 08, 2024 13:59:18.605 [8024:5196:0108/135918.605:ERROR:CONSOLE(0)] "ReferenceError: dragEvent is not defined", source:  (0)
1월 08, 2024 13:59:19.772 [8024:5196:0108/135919.772:ERROR:CONSOLE(0)] "ReferenceError: dragEvent is not defined", source:  (0)
1월 08, 2024 13:59:47.03 [8024:5196:0108/135947.003:ERROR:CONSOLE(0)] "ReferenceError: dragEvent is not defined", source:  (0)
1월 08, 2024 13:59:56.445 [8024:5196:0108/135956.445:ERROR:CONSOLE(0)] "ReferenceError: dragEvent is not defined", source:  (0)
1월 08, 2024 14:00:06.59 [8024:5196:0108/140006.059:ERROR:CONSOLE(0)] "ReferenceError: dragEvent is not defined", source:  (0)
1월 08, 2024 14:03:03.651 [11388:10748:0108/140303.651:ERROR:CONSOLE(0)] "ReferenceError: dragEvent is not defined", source:  (0)
1월 08, 2024 14:06:30.812 [11388:10748:0108/140630.812:ERROR:CONSOLE(0)] "ReferenceError: dragEvent is not defined", source:  (0)
1월 08, 2024 14:07:47.66 [11388:10748:0108/140747.066:ERROR:CONSOLE(0)] "ReferenceError: dragEvent is not defined", source:  (0)
1월 08, 2024 14:09:40.789 [11388:10748:0108/140940.789:ERROR:CONSOLE(0)] "ReferenceError: dragEvent is not defined", source:  (0)
1월 08, 2024 14:10:18.36 [11388:10748:0108/141018.036:ERROR:CONSOLE(0)] "ReferenceError: dragEvent is not defined", source:  (0)
1월 08, 2024 14:10:29.829 [11388:10748:0108/141029.829:ERROR:CONSOLE(0)] "ReferenceError: dragEvent is not defined", source:  (0)
1월 08, 2024 14:10:34.910 [11388:10748:0108/141034.910:ERROR:CONSOLE(0)] "ReferenceError: dragEvent is not defined", source:  (0)
1월 08, 2024 14:11:25.723 [11388:10748:0108/141125.723:ERROR:CONSOLE(0)] "ReferenceError: dragEvent is not defined", source:  (0)
1월 08, 2024 14:12:36.953 [11388:10748:0108/141236.953:ERROR:CONSOLE(0)] "ReferenceError: dragEvent is not defined", source:  (0)
1월 08, 2024 14:13:03.878 [11388:10748:0108/141303.878:ERROR:CONSOLE(0)] "ReferenceError: dragEvent is not defined", source:  (0)
1월 08, 2024 14:14:55.664 [708:1888:0108/141455.664:ERROR:CONSOLE(0)] "ReferenceError: dragEvent is not defined", source:  (0)
1월 08, 2024 14:15:18.55 [708:1888:0108/141518.055:ERROR:CONSOLE(0)] "ReferenceError: dragEvent is not defined", source:  (0)
1월 08, 2024 14:15:21.233 [708:1888:0108/141521.233:ERROR:CONSOLE(0)] "ReferenceError: dragEvent is not defined", source:  (0)
1월 08, 2024 14:16:02.305 [708:1888:0108/141602.305:ERROR:CONSOLE(0)] "ReferenceError: dragEvent is not defined", source:  (0)
1월 08, 2024 14:20:25.548 [708:1888:0108/142025.548:ERROR:CONSOLE(0)] "ReferenceError: dragEvent is not defined", source:  (0)
1월 08, 2024 14:22:04.80 [708:1888:0108/142204.079:ERROR:CONSOLE(0)] "ReferenceError: dragEvent is not defined", source:  (0)
1월 08, 2024 14:29:34.332 [11252:12000:0108/142934.332:ERROR:CONSOLE(0)] "ReferenceError: dragEvent is not defined", source:  (0)
1월 08, 2024 14:29:46.276 [11252:12000:0108/142946.276:ERROR:CONSOLE(0)] "ReferenceError: dragEvent is not defined", source:  (0)
1월 08, 2024 14:29:55.333 [11252:12000:0108/142955.333:ERROR:CONSOLE(0)] "ReferenceError: dragEvent is not defined", source:  (0)
1월 08, 2024 14:30:11.848 [11252:12000:0108/143011.841:ERROR:CONSOLE(0)] "ReferenceError: dragEvent is not defined", source:  (0)
1월 08, 2024 14:30:13.165 [11252:12000:0108/143013.165:ERROR:CONSOLE(0)] "ReferenceError: dragEvent is not defined", source:  (0)
1월 08, 2024 14:30:16.306 [11252:12000:0108/143016.306:ERROR:CONSOLE(0)] "ReferenceError: dragEvent is not defined", source:  (0)
1월 08, 2024 14:31:44.55 [11252:12000:0108/143144.055:ERROR:CONSOLE(0)] "ReferenceError: dragEvent is not defined", source:  (0)
1월 08, 2024 14:33:01.100 [11252:12000:0108/143301.100:ERROR:CONSOLE(0)] "ReferenceError: dragEvent is not defined", source:  (0)
1월 08, 2024 14:36:20.14 [11252:12000:0108/143620.014:ERROR:CONSOLE(0)] "ReferenceError: dragEvent is not defined", source:  (0)
1월 08, 2024 14:42:15.637 [11252:12000:0108/144215.637:ERROR:CONSOLE(0)] "ReferenceError: dragEvent is not defined", source:  (0)
1월 08, 2024 14:42:42.805 [11252:12000:0108/144242.805:ERROR:CONSOLE(0)] "ReferenceError: dragEvent is not defined", source:  (0)
1월 08, 2024 14:45:02.115 [11252:12000:0108/144502.115:ERROR:CONSOLE(0)] "ReferenceError: dragEvent is not defined", source:  (0)
1월 08, 2024 14:45:26.277 [2416:10748:0108/144526.277:ERROR:CONSOLE(0)] "ReferenceError: dragEvent is not defined", source:  (0)
1월 08, 2024 14:45:37.925 [2416:10748:0108/144537.925:ERROR:CONSOLE(0)] "ReferenceError: dragEvent is not defined", source:  (0)
1월 08, 2024 14:46:21.645 [2416:10748:0108/144621.645:ERROR:CONSOLE(0)] "ReferenceError: dragEvent is not defined", source:  (0)
1월 08, 2024 14:47:31.895 [2416:10748:0108/144731.895:ERROR:CONSOLE(0)] "ReferenceError: dragEvent is not defined", source:  (0)
1월 08, 2024 14:47:47.731 [2416:10748:0108/144747.731:ERROR:CONSOLE(0)] "ReferenceError: dragEvent is not defined", source:  (0)
1월 08, 2024 14:51:21.20 [2416:10748:0108/145121.020:ERROR:CONSOLE(0)] "ReferenceError: dragEvent is not defined", source:  (0)
1월 08, 2024 15:04:15.313 [2416:10748:0108/150415.313:ERROR:CONSOLE(0)] "ReferenceError: dragEvent is not defined", source:  (0)
1월 08, 2024 15:07:32.34 [2416:10748:0108/150732.034:ERROR:CONSOLE(0)] "ReferenceError: dragEvent is not defined", source:  (0)

1월 10, 2024 09:36:21.387 NEW SESSION
1월 10, 2024 09:36:21.387 [9472:1000:0110/093621.386:ERROR:CONSOLE(0)] "ReferenceError: dragEvent is not defined", source:  (0)
1월 10, 2024 09:36:22.726 [9472:1000:0110/093622.725:ERROR:CONSOLE(0)] "ReferenceError: dragEvent is not defined", source:  (0)
1월 10, 2024 09:36:36.548 [9472:1000:0110/093636.548:ERROR:CONSOLE(0)] "ReferenceError: dragEvent is not defined", source:  (0)
1월 10, 2024 09:36:44.915 [9472:1000:0110/093644.915:ERROR:CONSOLE(0)] "ReferenceError: dragEvent is not defined", source:  (0)
1월 10, 2024 09:39:54.770 [9472:1000:0110/093954.770:ERROR:CONSOLE(0)] "ReferenceError: dragEvent is not defined", source:  (0)
1월 10, 2024 09:42:02.326 [9472:1000:0110/094202.326:ERROR:CONSOLE(0)] "ReferenceError: dragEvent is not defined", source:  (0)
1월 10, 2024 09:45:11.108 [9472:1000:0110/094511.108:ERROR:CONSOLE(0)] "ReferenceError: dragEvent is not defined", source:  (0)
1월 10, 2024 09:48:04.262 [9472:1000:0110/094804.262:ERROR:CONSOLE(0)] "ReferenceError: dragEvent is not defined", source:  (0)
1월 10, 2024 10:00:06.641 [6084:8128:0110/100006.641:ERROR:CONSOLE(0)] "ReferenceError: dragEvent is not defined", source:  (0)
1월 10, 2024 10:03:52.164 [6084:8128:0110/100352.164:ERROR:CONSOLE(0)] "ReferenceError: dragEvent is not defined", source:  (0)
1월 10, 2024 10:05:31.497 [6084:8128:0110/100531.497:ERROR:CONSOLE(0)] "ReferenceError: dragEvent is not defined", source:  (0)
1월 10, 2024 10:05:35.209 [6084:8128:0110/100535.209:ERROR:CONSOLE(0)] "ReferenceError: dragEvent is not defined", source:  (0)
1월 10, 2024 10:09:23.602 [6084:8128:0110/100923.602:ERROR:CONSOLE(0)] "ReferenceError: dragEvent is not defined", source:  (0)
1월 10, 2024 10:09:32.596 [6084:8128:0110/100932.596:ERROR:CONSOLE(0)] "ReferenceError: dragEvent is not defined", source:  (0)
1월 10, 2024 10:10:21.447 [6084:8128:0110/101021.447:ERROR:CONSOLE(1)] "Request Storage.getStorageKeyForFrame failed. {"code":-32602,"message":"Frame tree node for given frame not found"}", source: devtools://devtools/bundled/devtools-frontend/front_end/core/protocol_client/protocol_client.js (1)
1월 10, 2024 10:10:21.447 [6084:8128:0110/101021.447:ERROR:CONSOLE(1)] "Request Storage.getStorageKeyForFrame failed. {"code":-32602,"message":"Frame tree node for given frame not found"}", source: devtools://devtools/bundled/devtools-frontend/front_end/core/protocol_client/protocol_client.js (1)
1월 10, 2024 10:10:21.582 [6084:8128:0110/101021.581:ERROR:CONSOLE(1)] "Request Storage.getStorageKeyForFrame failed. {"code":-32602,"message":"Frame tree node for given frame not found"}", source: devtools://devtools/bundled/devtools-frontend/front_end/core/protocol_client/protocol_client.js (1)
1월 10, 2024 10:10:21.582 [6084:8128:0110/101021.581:ERROR:CONSOLE(1)] "Request Storage.getStorageKeyForFrame failed. {"code":-32602,"message":"Frame tree node for given frame not found"}", source: devtools://devtools/bundled/devtools-frontend/front_end/core/protocol_client/protocol_client.js (1)
1월 10, 2024 10:10:58.273 [6084:8128:0110/101058.273:ERROR:CONSOLE(0)] "ReferenceError: dragEvent is not defined", source:  (0)
1월 10, 2024 11:45:58.768 [6084:8128:0110/114558.768:ERROR:CONSOLE(1)] "Request Network.loadNetworkResource failed. {"code":-32602,"message":"Unsupported URL scheme"}", source: devtools://devtools/bundled/devtools-frontend/front_end/core/protocol_client/protocol_client.js (1)
1월 10, 2024 12:57:21.792 [6044:11208:0110/125721.791:ERROR:CONSOLE(0)] "ReferenceError: dragEvent is not defined", source:  (0)
1월 10, 2024 12:57:25.950 [6044:11208:0110/125725.950:ERROR:CONSOLE(0)] "ReferenceError: dragEvent is not defined", source:  (0)
1월 10, 2024 12:57:52.611 [6044:11208:0110/125752.611:ERROR:CONSOLE(0)] "ReferenceError: dragEvent is not defined", source:  (0)
1월 10, 2024 13:27:06.694 [6044:11208:0110/132706.694:ERROR:CONSOLE(0)] "ReferenceError: dragEvent is not defined", source:  (0)
1월 10, 2024 13:28:39.667 [6044:11208:0110/132839.667:ERROR:CONSOLE(0)] "ReferenceError: dragEvent is not defined", source:  (0)
1월 10, 2024 14:37:55.449 [6044:11208:0110/143755.448:ERROR:CONSOLE(0)] "ReferenceError: dragEvent is not defined", source:  (0)

1월 11, 2024 09:27:10.321 NEW SESSION
1월 11, 2024 09:27:10.321 [4948:10768:0111/092710.319:ERROR:CONSOLE(0)] "ReferenceError: dragEvent is not defined", source:  (0)
1월 11, 2024 09:27:16.206 [4948:10768:0111/092716.205:ERROR:CONSOLE(0)] "ReferenceError: dragEvent is not defined", source:  (0)
1월 11, 2024 10:15:41.89 [4948:10768:0111/101541.089:ERROR:CONSOLE(0)] "ReferenceError: dragEvent is not defined", source:  (0)
1월 11, 2024 10:15:43.39 [4948:10768:0111/101543.039:ERROR:CONSOLE(0)] "ReferenceError: dragEvent is not defined", source:  (0)
1월 11, 2024 10:16:10.191 [4948:10768:0111/101610.191:ERROR:CONSOLE(0)] "ReferenceError: dragEvent is not defined", source:  (0)
1월 11, 2024 10:16:16.903 [4948:10768:0111/101616.902:ERROR:CONSOLE(0)] "ReferenceError: dragEvent is not defined", source:  (0)
1월 11, 2024 10:18:26.400 [4948:10768:0111/101826.400:ERROR:CONSOLE(0)] "ReferenceError: dragEvent is not defined", source:  (0)
1월 11, 2024 10:48:22.600 [4948:10768:0111/104822.600:ERROR:CONSOLE(0)] "ReferenceError: dragEvent is not defined", source:  (0)
1월 11, 2024 10:48:24.207 [4948:10768:0111/104824.207:ERROR:CONSOLE(0)] "ReferenceError: dragEvent is not defined", source:  (0)
1월 11, 2024 10:48:27.848 [4948:10768:0111/104827.848:ERROR:CONSOLE(0)] "ReferenceError: dragEvent is not defined", source:  (0)
1월 11, 2024 11:29:22.414 [4724:11124:0111/112922.414:ERROR:CONSOLE(0)] "ReferenceError: dragEvent is not defined", source:  (0)
1월 11, 2024 11:31:52.130 [4724:11124:0111/113152.130:ERROR:CONSOLE(0)] "ReferenceError: dragEvent is not defined", source:  (0)
1월 11, 2024 11:41:53.290 [4724:11124:0111/114153.290:ERROR:CONSOLE(0)] "ReferenceError: dragEvent is not defined", source:  (0)
1월 11, 2024 11:42:51.212 [4724:11124:0111/114251.212:ERROR:CONSOLE(0)] "ReferenceError: dragEvent is not defined", source:  (0)
1월 11, 2024 12:48:58.98 [4724:11124:0111/124858.098:ERROR:CONSOLE(0)] "ReferenceError: dragEvent is not defined", source:  (0)
1월 11, 2024 12:53:06.273 [4724:11124:0111/125306.273:ERROR:CONSOLE(0)] "ReferenceError: dragEvent is not defined", source:  (0)
1월 11, 2024 13:16:42.640 [4724:11124:0111/131642.640:ERROR:CONSOLE(1)] "Request Network.loadNetworkResource failed. {"code":-32602,"message":"Unsupported URL scheme"}", source: devtools://devtools/bundled/devtools-frontend/front_end/core/protocol_client/protocol_client.js (1)
1월 11, 2024 14:16:04.45 [10316:9004:0111/141604.045:ERROR:CONSOLE(0)] "ReferenceError: dragEvent is not defined", source:  (0)
1월 11, 2024 14:16:07.697 [10316:9004:0111/141607.697:ERROR:CONSOLE(0)] "ReferenceError: dragEvent is not defined", source:  (0)
1월 11, 2024 15:07:08.968 [2964:8736:0111/150708.968:ERROR:CONSOLE(0)] "ReferenceError: dragEvent is not defined", source:  (0)

1월 15, 2024 13:55:18.443 NEW SESSION
1월 15, 2024 13:55:18.443 [6148:9812:0115/135518.435:ERROR:CONSOLE(0)] "ReferenceError: dragEvent is not defined", source:  (0)
1월 15, 2024 14:09:59.843 [3708:8700:0115/140959.843:ERROR:CONSOLE(0)] "ReferenceError: dragEvent is not defined", source:  (0)
1월 15, 2024 14:10:04.393 [3708:8700:0115/141004.393:ERROR:CONSOLE(0)] "ReferenceError: dragEvent is not defined", source:  (0)
1월 15, 2024 14:10:08.738 [3708:8700:0115/141008.738:ERROR:CONSOLE(0)] "ReferenceError: dragEvent is not defined", source:  (0)
1월 15, 2024 14:10:33.94 [3708:8700:0115/141033.094:ERROR:CONSOLE(0)] "ReferenceError: dragEvent is not defined", source:  (0)
1월 15, 2024 14:10:34.964 [3708:8700:0115/141034.964:ERROR:CONSOLE(0)] "ReferenceError: dragEvent is not defined", source:  (0)
1월 15, 2024 14:22:53.706 [1064:7280:0115/142253.706:ERROR:CONSOLE(0)] "ReferenceError: dragEvent is not defined", source:  (0)
1월 15, 2024 14:29:24.416 [1064:7280:0115/142924.416:ERROR:CONSOLE(0)] "ReferenceError: dragEvent is not defined", source:  (0)
1월 15, 2024 14:30:05.654 [1064:7280:0115/143005.654:ERROR:CONSOLE(0)] "ReferenceError: dragEvent is not defined", source:  (0)
1월 15, 2024 14:55:42.67 [5980:10008:0115/145542.067:ERROR:interface_endpoint_client.cc(702)] Message 1 rejected by interface blink.mojom.WidgetHost
